This is XeTeX, Version 3.141592653-2.6-0.999993 (TeX Live 2021/W32TeX) (preloaded format=xelatex 2021.9.23)  24 SEP 2021 10:02
entering extended mode
 restricted \write18 enabled.
 %&-line parsing enabled.
**bookdown-start.tex
(./bookdown-start.tex
LaTeX2e <2021-06-01> patch level 1
L3 programming layer <2021-08-27> (c:/Users/lortiz/AppData/Roaming/TinyTeX/texm
f-dist/tex/latex/base/book.cls
Document Class: book 2021/02/12 v1.4n Standard LaTeX document class
(c:/Users/lortiz/AppData/Roaming/TinyTeX/texmf-dist/tex/latex/base/bk10.clo
File: bk10.clo 2021/02/12 v1.4n Standard LaTeX file (size option)
)
\c@part=\count178
\c@chapter=\count179
\c@section=\count180
\c@subsection=\count181
\c@subsubsection=\count182
\c@paragraph=\count183
\c@subparagraph=\count184
\c@figure=\count185
\c@table=\count186
\abovecaptionskip=\skip47
\belowcaptionskip=\skip48
\bibindent=\dimen138
)
(c:/Users/lortiz/AppData/Roaming/TinyTeX/texmf-dist/tex/latex/amsmath/amsmath.s
ty
Package: amsmath 2021/04/20 v2.17j AMS math features
\@mathmargin=\skip49
For additional information on amsmath, use the `?' option.

(c:/Users/lortiz/AppData/Roaming/TinyTeX/texmf-dist/tex/latex/amsmath/amstext.s
ty
Package: amstext 2000/06/29 v2.01 AMS text

(c:/Users/lortiz/AppData/Roaming/TinyTeX/texmf-dist/tex/latex/amsmath/amsgen.st
y
File: amsgen.sty 1999/11/30 v2.0 generic functions
\@emptytoks=\toks16
\ex@=\dimen139
))
(c:/Users/lortiz/AppData/Roaming/TinyTeX/texmf-dist/tex/latex/amsmath/amsbsy.st
y
Package: amsbsy 1999/11/29 v1.2d Bold Symbols
\pmbraise@=\dimen140
)
(c:/Users/lortiz/AppData/Roaming/TinyTeX/texmf-dist/tex/latex/amsmath/amsopn.st
y
Package: amsopn 2016/03/08 v2.02 operator names
)
\inf@bad=\count187
LaTeX Info: Redefining \frac on input line 234.
\uproot@=\count188
\leftroot@=\count189
LaTeX Info: Redefining \overline on input line 399.
\classnum@=\count190
\DOTSCASE@=\count191
LaTeX Info: Redefining \ldots on input line 496.
LaTeX Info: Redefining \dots on input line 499.
LaTeX Info: Redefining \cdots on input line 620.
\Mathstrutbox@=\box50
\strutbox@=\box51
\big@size=\dimen141
LaTeX Font Info:    Redeclaring font encoding OML on input line 743.
LaTeX Font Info:    Redeclaring font encoding OMS on input line 744.
\macc@depth=\count192
\c@MaxMatrixCols=\count193
\dotsspace@=\muskip16
\c@parentequation=\count194
\dspbrk@lvl=\count195
\tag@help=\toks17
\row@=\count196
\column@=\count197
\maxfields@=\count198
\andhelp@=\toks18
\eqnshift@=\dimen142
\alignsep@=\dimen143
\tagshift@=\dimen144
\tagwidth@=\dimen145
\totwidth@=\dimen146
\lineht@=\dimen147
\@envbody=\toks19
\multlinegap=\skip50
\multlinetaggap=\skip51
\mathdisplay@stack=\toks20
LaTeX Info: Redefining \[ on input line 2923.
LaTeX Info: Redefining \] on input line 2924.
)
(c:/Users/lortiz/AppData/Roaming/TinyTeX/texmf-dist/tex/latex/amsfonts/amssymb.
sty
Package: amssymb 2013/01/14 v3.01 AMS font symbols

(c:/Users/lortiz/AppData/Roaming/TinyTeX/texmf-dist/tex/latex/amsfonts/amsfonts
.sty
Package: amsfonts 2013/01/14 v3.01 Basic AMSFonts support
\symAMSa=\mathgroup4
\symAMSb=\mathgroup5
LaTeX Font Info:    Redeclaring math symbol \hbar on input line 98.
LaTeX Font Info:    Overwriting math alphabet `\mathfrak' in version `bold'
(Font)                  U/euf/m/n --> U/euf/b/n on input line 106.
)) (c:/Users/lortiz/AppData/Roaming/TinyTeX/texmf-dist/tex/latex/lm/lmodern.sty
Package: lmodern 2015/05/01 v1.6.1 Latin Modern Fonts
LaTeX Font Info:    Overwriting symbol font `operators' in version `normal'
(Font)                  OT1/cmr/m/n --> OT1/lmr/m/n on input line 22.
LaTeX Font Info:    Overwriting symbol font `letters' in version `normal'
(Font)                  OML/cmm/m/it --> OML/lmm/m/it on input line 23.
LaTeX Font Info:    Overwriting symbol font `symbols' in version `normal'
(Font)                  OMS/cmsy/m/n --> OMS/lmsy/m/n on input line 24.
LaTeX Font Info:    Overwriting symbol font `largesymbols' in version `normal'
(Font)                  OMX/cmex/m/n --> OMX/lmex/m/n on input line 25.
LaTeX Font Info:    Overwriting symbol font `operators' in version `bold'
(Font)                  OT1/cmr/bx/n --> OT1/lmr/bx/n on input line 26.
LaTeX Font Info:    Overwriting symbol font `letters' in version `bold'
(Font)                  OML/cmm/b/it --> OML/lmm/b/it on input line 27.
LaTeX Font Info:    Overwriting symbol font `symbols' in version `bold'
(Font)                  OMS/cmsy/b/n --> OMS/lmsy/b/n on input line 28.
LaTeX Font Info:    Overwriting symbol font `largesymbols' in version `bold'
(Font)                  OMX/cmex/m/n --> OMX/lmex/m/n on input line 29.
LaTeX Font Info:    Overwriting math alphabet `\mathbf' in version `normal'
(Font)                  OT1/cmr/bx/n --> OT1/lmr/bx/n on input line 31.
LaTeX Font Info:    Overwriting math alphabet `\mathsf' in version `normal'
(Font)                  OT1/cmss/m/n --> OT1/lmss/m/n on input line 32.
LaTeX Font Info:    Overwriting math alphabet `\mathit' in version `normal'
(Font)                  OT1/cmr/m/it --> OT1/lmr/m/it on input line 33.
LaTeX Font Info:    Overwriting math alphabet `\mathtt' in version `normal'
(Font)                  OT1/cmtt/m/n --> OT1/lmtt/m/n on input line 34.
LaTeX Font Info:    Overwriting math alphabet `\mathbf' in version `bold'
(Font)                  OT1/cmr/bx/n --> OT1/lmr/bx/n on input line 35.
LaTeX Font Info:    Overwriting math alphabet `\mathsf' in version `bold'
(Font)                  OT1/cmss/bx/n --> OT1/lmss/bx/n on input line 36.
LaTeX Font Info:    Overwriting math alphabet `\mathit' in version `bold'
(Font)                  OT1/cmr/bx/it --> OT1/lmr/bx/it on input line 37.
LaTeX Font Info:    Overwriting math alphabet `\mathtt' in version `bold'
(Font)                  OT1/cmtt/m/n --> OT1/lmtt/m/n on input line 38.
)
(c:/Users/lortiz/AppData/Roaming/TinyTeX/texmf-dist/tex/generic/iftex/iftex.sty
Package: iftex 2020/03/06 v1.0d TeX engine tests
)
(c:/Users/lortiz/AppData/Roaming/TinyTeX/texmf-dist/tex/latex/unicode-math/unic
ode-math.sty
(c:/Users/lortiz/AppData/Roaming/TinyTeX/texmf-dist/tex/latex/l3kernel/expl3.st
y
Package: expl3 2021-08-27 L3 programming layer (loader) 

(c:/Users/lortiz/AppData/Roaming/TinyTeX/texmf-dist/tex/latex/l3backend/l3backe
nd-xetex.def
File: l3backend-xetex.def 2021-08-04 L3 backend support: XeTeX
(|extractbb --version)
\c__kernel_sys_dvipdfmx_version_int=\count199
\l__color_backend_stack_int=\count266
\g__color_backend_stack_int=\count267
\g__graphics_track_int=\count268
\l__pdf_internal_box=\box52
\g__pdf_backend_object_int=\count269
\g__pdf_backend_annotation_int=\count270
\g__pdf_backend_link_int=\count271
))
Package: unicode-math 2020/01/31 v0.8q Unicode maths in XeLaTeX and LuaLaTeX

(c:/Users/lortiz/AppData/Roaming/TinyTeX/texmf-dist/tex/latex/unicode-math/unic
ode-math-xetex.sty
Package: unicode-math-xetex 2020/01/31 v0.8q Unicode maths in XeLaTeX and LuaLa
TeX

(c:/Users/lortiz/AppData/Roaming/TinyTeX/texmf-dist/tex/latex/l3packages/xparse
/xparse.sty
Package: xparse 2021-08-27 L3 Experimental document command parser
)
(c:/Users/lortiz/AppData/Roaming/TinyTeX/texmf-dist/tex/latex/l3packages/l3keys
2e/l3keys2e.sty
Package: l3keys2e 2021-08-27 LaTeX2e option processing using LaTeX3 keys
)
(c:/Users/lortiz/AppData/Roaming/TinyTeX/texmf-dist/tex/latex/fontspec/fontspec
.sty
Package: fontspec 2020/02/21 v2.7i Font selection for XeLaTeX and LuaLaTeX

(c:/Users/lortiz/AppData/Roaming/TinyTeX/texmf-dist/tex/latex/fontspec/fontspec
-xetex.sty
Package: fontspec-xetex 2020/02/21 v2.7i Font selection for XeLaTeX and LuaLaTe
X
\l__fontspec_script_int=\count272
\l__fontspec_language_int=\count273
\l__fontspec_strnum_int=\count274
\l__fontspec_tmp_int=\count275
\l__fontspec_tmpa_int=\count276
\l__fontspec_tmpb_int=\count277
\l__fontspec_tmpc_int=\count278
\l__fontspec_em_int=\count279
\l__fontspec_emdef_int=\count280
\l__fontspec_strong_int=\count281
\l__fontspec_strongdef_int=\count282
\l__fontspec_tmpa_dim=\dimen148
\l__fontspec_tmpb_dim=\dimen149
\l__fontspec_tmpc_dim=\dimen150
(c:/Users/lortiz/AppData/Roaming/TinyTeX/texmf-dist/tex/latex/base/fontenc.sty
Package: fontenc 2021/04/29 v2.0v Standard LaTeX package
)
(c:/Users/lortiz/AppData/Roaming/TinyTeX/texmf-dist/tex/latex/fontspec/fontspec
.cfg))) (c:/Users/lortiz/AppData/Roaming/TinyTeX/texmf-dist/tex/latex/base/fix-
cm.sty
Package: fix-cm 2020/11/24 v1.1t fixes to LaTeX
(c:/Users/lortiz/AppData/Roaming/TinyTeX/texmf-dist/tex/latex/base/ts1enc.def
File: ts1enc.def 2001/06/05 v3.0e (jk/car/fm) Standard LaTeX file
LaTeX Font Info:    Redeclaring font encoding TS1 on input line 47.
))
\g__um_fam_int=\count283
\g__um_fonts_used_int=\count284
\l__um_primecount_int=\count285
\g__um_primekern_muskip=\muskip17

(c:/Users/lortiz/AppData/Roaming/TinyTeX/texmf-dist/tex/latex/unicode-math/unic
ode-math-table.tex)))
(c:/Users/lortiz/AppData/Roaming/TinyTeX/texmf-dist/tex/latex/microtype/microty
pe.sty
Package: microtype 2021/03/14 v2.8c Micro-typographical refinements (RS)

(c:/Users/lortiz/AppData/Roaming/TinyTeX/texmf-dist/tex/latex/graphics/keyval.s
ty
Package: keyval 2014/10/28 v1.15 key=value parser (DPC)
\KV@toks@=\toks21
)
\MT@toks=\toks22
\MT@count=\count286
LaTeX Info: Redefining \textls on input line 790.
\MT@outer@kern=\dimen151
LaTeX Info: Redefining \textmicrotypecontext on input line 1374.
\MT@listname@count=\count287

(c:/Users/lortiz/AppData/Roaming/TinyTeX/texmf-dist/tex/latex/microtype/microty
pe-xetex.def
File: microtype-xetex.def 2021/03/14 v2.8c Definitions specific to xetex (RS)
LaTeX Info: Redefining \lsstyle on input line 254.
)
Package microtype Info: Loading configuration file microtype.cfg.

(c:/Users/lortiz/AppData/Roaming/TinyTeX/texmf-dist/tex/latex/microtype/microty
pe.cfg
File: microtype.cfg 2021/03/14 v2.8c microtype main configuration file (RS)
))
(c:/Users/lortiz/AppData/Roaming/TinyTeX/texmf-dist/tex/latex/parskip/parskip.s
ty
Package: parskip 2021-03-14 v2.0h non-zero parskip adjustments

(c:/Users/lortiz/AppData/Roaming/TinyTeX/texmf-dist/tex/latex/kvoptions/kvoptio
ns.sty
Package: kvoptions 2020-10-07 v3.14 Key value format for package options (HO)

(c:/Users/lortiz/AppData/Roaming/TinyTeX/texmf-dist/tex/generic/ltxcmds/ltxcmds
.sty
Package: ltxcmds 2020-05-10 v1.25 LaTeX kernel commands for general use (HO)
)
(c:/Users/lortiz/AppData/Roaming/TinyTeX/texmf-dist/tex/generic/kvsetkeys/kvset
keys.sty
Package: kvsetkeys 2019/12/15 v1.18 Key value parser (HO)
))
(c:/Users/lortiz/AppData/Roaming/TinyTeX/texmf-dist/tex/latex/etoolbox/etoolbox
.sty
Package: etoolbox 2020/10/05 v2.5k e-TeX tools for LaTeX (JAW)
\etb@tempcnta=\count288
))
(c:/Users/lortiz/AppData/Roaming/TinyTeX/texmf-dist/tex/latex/xcolor/xcolor.sty
Package: xcolor 2016/05/11 v2.12 LaTeX color extensions (UK)

(c:/Users/lortiz/AppData/Roaming/TinyTeX/texmf-dist/tex/latex/graphics-cfg/colo
r.cfg
File: color.cfg 2016/01/02 v1.6 sample color configuration
)
Package xcolor Info: Driver file: xetex.def on input line 225.

(c:/Users/lortiz/AppData/Roaming/TinyTeX/texmf-dist/tex/latex/graphics-def/xete
x.def
File: xetex.def 2021/03/18 v5.0k Graphics/color driver for xetex
)
Package xcolor Info: Model `cmy' substituted by `cmy0' on input line 1348.
Package xcolor Info: Model `RGB' extended on input line 1364.
Package xcolor Info: Model `HTML' substituted by `rgb' on input line 1366.
Package xcolor Info: Model `Hsb' substituted by `hsb' on input line 1367.
Package xcolor Info: Model `tHsb' substituted by `hsb' on input line 1368.
Package xcolor Info: Model `HSB' substituted by `hsb' on input line 1369.
Package xcolor Info: Model `Gray' substituted by `gray' on input line 1370.
Package xcolor Info: Model `wave' substituted by `hsb' on input line 1371.
)
(c:/Users/lortiz/AppData/Roaming/TinyTeX/texmf-dist/tex/latex/hyperref/hyperref
.sty
Package: hyperref 2021-06-07 v7.00m Hypertext links for LaTeX

(c:/Users/lortiz/AppData/Roaming/TinyTeX/texmf-dist/tex/generic/pdftexcmds/pdft
excmds.sty
Package: pdftexcmds 2020-06-27 v0.33 Utility functions of pdfTeX for LuaTeX (HO
)

(c:/Users/lortiz/AppData/Roaming/TinyTeX/texmf-dist/tex/generic/infwarerr/infwa
rerr.sty
Package: infwarerr 2019/12/03 v1.5 Providing info/warning/error messages (HO)
)
Package pdftexcmds Info: \pdf@primitive is available.
Package pdftexcmds Info: \pdf@ifprimitive is available.
Package pdftexcmds Info: \pdfdraftmode not found.
)
(c:/Users/lortiz/AppData/Roaming/TinyTeX/texmf-dist/tex/generic/kvdefinekeys/kv
definekeys.sty
Package: kvdefinekeys 2019-12-19 v1.6 Define keys (HO)
)
(c:/Users/lortiz/AppData/Roaming/TinyTeX/texmf-dist/tex/generic/pdfescape/pdfes
cape.sty
Package: pdfescape 2019/12/09 v1.15 Implements pdfTeX's escape features (HO)
)
(c:/Users/lortiz/AppData/Roaming/TinyTeX/texmf-dist/tex/latex/hycolor/hycolor.s
ty
Package: hycolor 2020-01-27 v1.10 Color options for hyperref/bookmark (HO)
)
(c:/Users/lortiz/AppData/Roaming/TinyTeX/texmf-dist/tex/latex/letltxmacro/letlt
xmacro.sty
Package: letltxmacro 2019/12/03 v1.6 Let assignment for LaTeX macros (HO)
)
(c:/Users/lortiz/AppData/Roaming/TinyTeX/texmf-dist/tex/latex/auxhook/auxhook.s
ty
Package: auxhook 2019-12-17 v1.6 Hooks for auxiliary files (HO)
)
\@linkdim=\dimen152
\Hy@linkcounter=\count289
\Hy@pagecounter=\count290

(c:/Users/lortiz/AppData/Roaming/TinyTeX/texmf-dist/tex/latex/hyperref/pd1enc.d
ef
File: pd1enc.def 2021-06-07 v7.00m Hyperref: PDFDocEncoding definition (HO)
)
(c:/Users/lortiz/AppData/Roaming/TinyTeX/texmf-dist/tex/latex/hyperref/hyperref
-langpatches.def
File: hyperref-langpatches.def 2021-06-07 v7.00m Hyperref: patches for babel la
nguages
)
(c:/Users/lortiz/AppData/Roaming/TinyTeX/texmf-dist/tex/generic/intcalc/intcalc
.sty
Package: intcalc 2019/12/15 v1.3 Expandable calculations with integers (HO)
)
(c:/Users/lortiz/AppData/Roaming/TinyTeX/texmf-dist/tex/generic/etexcmds/etexcm
ds.sty
Package: etexcmds 2019/12/15 v1.7 Avoid name clashes with e-TeX commands (HO)
)
\Hy@SavedSpaceFactor=\count291

(c:/Users/lortiz/AppData/Roaming/TinyTeX/texmf-dist/tex/latex/hyperref/puenc.de
f
File: puenc.def 2021-06-07 v7.00m Hyperref: PDF Unicode definition (HO)
)
Package hyperref Info: Option `unicode' set `true' on input line 4073.
Package hyperref Info: Hyper figures OFF on input line 4192.
Package hyperref Info: Link nesting OFF on input line 4197.
Package hyperref Info: Hyper index ON on input line 4200.
Package hyperref Info: Plain pages OFF on input line 4207.
Package hyperref Info: Backreferencing OFF on input line 4212.
Package hyperref Info: Implicit mode ON; LaTeX internals redefined.
Package hyperref Info: Bookmarks ON on input line 4445.
\c@Hy@tempcnt=\count292
(c:/Users/lortiz/AppData/Roaming/TinyTeX/texmf-dist/tex/latex/url/url.sty
\Urlmuskip=\muskip18
Package: url 2013/09/16  ver 3.4  Verb mode for urls, etc.
)
LaTeX Info: Redefining \url on input line 4804.
\XeTeXLinkMargin=\dimen153

(c:/Users/lortiz/AppData/Roaming/TinyTeX/texmf-dist/tex/generic/bitset/bitset.s
ty
Package: bitset 2019/12/09 v1.3 Handle bit-vector datatype (HO)

(c:/Users/lortiz/AppData/Roaming/TinyTeX/texmf-dist/tex/generic/bigintcalc/bigi
ntcalc.sty
Package: bigintcalc 2019/12/15 v1.5 Expandable calculations on big integers (HO
)
))
\Fld@menulength=\count293
\Field@Width=\dimen154
\Fld@charsize=\dimen155
Package hyperref Info: Hyper figures OFF on input line 6076.
Package hyperref Info: Link nesting OFF on input line 6081.
Package hyperref Info: Hyper index ON on input line 6084.
Package hyperref Info: backreferencing OFF on input line 6091.
Package hyperref Info: Link coloring OFF on input line 6096.
Package hyperref Info: Link coloring with OCG OFF on input line 6101.
Package hyperref Info: PDF/A mode OFF on input line 6106.
LaTeX Info: Redefining \ref on input line 6146.
LaTeX Info: Redefining \pageref on input line 6150.

(c:/Users/lortiz/AppData/Roaming/TinyTeX/texmf-dist/tex/latex/base/atbegshi-ltx
.sty
Package: atbegshi-ltx 2021/01/10 v1.0c Emulation of the original atbegshi
package with kernel methods
)
\Hy@abspage=\count294
\c@Item=\count295
\c@Hfootnote=\count296
)
Package hyperref Info: Driver (autodetected): hxetex.

(c:/Users/lortiz/AppData/Roaming/TinyTeX/texmf-dist/tex/latex/hyperref/hxetex.d
ef
File: hxetex.def 2021-06-07 v7.00m Hyperref driver for XeTeX

(c:/Users/lortiz/AppData/Roaming/TinyTeX/texmf-dist/tex/generic/stringenc/strin
genc.sty
Package: stringenc 2019/11/29 v1.12 Convert strings between diff. encodings (HO
)
)
\pdfm@box=\box53
\c@Hy@AnnotLevel=\count297
\HyField@AnnotCount=\count298
\Fld@listcount=\count299
\c@bookmark@seq@number=\count300

(c:/Users/lortiz/AppData/Roaming/TinyTeX/texmf-dist/tex/latex/rerunfilecheck/re
runfilecheck.sty
Package: rerunfilecheck 2019/12/05 v1.9 Rerun checks for auxiliary files (HO)

(c:/Users/lortiz/AppData/Roaming/TinyTeX/texmf-dist/tex/latex/base/atveryend-lt
x.sty
Package: atveryend-ltx 2020/08/19 v1.0a Emulation of the original atvery packag
e
with kernel methods
)
(c:/Users/lortiz/AppData/Roaming/TinyTeX/texmf-dist/tex/generic/uniquecounter/u
niquecounter.sty
Package: uniquecounter 2019/12/15 v1.4 Provide unlimited unique counter (HO)
)
Package uniquecounter Info: New unique counter `rerunfilecheck' on input line 2
86.
)
\Hy@SectionHShift=\skip52
)
(c:/Users/lortiz/AppData/Roaming/TinyTeX/texmf-dist/tex/latex/fancyvrb/fancyvrb
.sty
Package: fancyvrb 2021/08/12 v3.8 verbatim text (tvz,hv)
\FV@CodeLineNo=\count301
\FV@InFile=\read2
\FV@TabBox=\box54
\c@FancyVerbLine=\count302
\FV@StepNumber=\count303
\FV@OutFile=\write3
)
(c:/Users/lortiz/AppData/Roaming/TinyTeX/texmf-dist/tex/latex/framed/framed.sty
Package: framed 2011/10/22 v 0.96: framed or shaded text with page breaks
\OuterFrameSep=\skip53
\fb@frw=\dimen156
\fb@frh=\dimen157
\FrameRule=\dimen158
\FrameSep=\dimen159
)
(c:/Users/lortiz/AppData/Roaming/TinyTeX/texmf-dist/tex/latex/tools/longtable.s
ty
Package: longtable 2021-05-07 v4.16 Multi-page Table package (DPC)
\LTleft=\skip54
\LTright=\skip55
\LTpre=\skip56
\LTpost=\skip57
\LTchunksize=\count304
\LTcapwidth=\dimen160
\LT@head=\box55
\LT@firsthead=\box56
\LT@foot=\box57
\LT@lastfoot=\box58
\LT@gbox=\box59
\LT@cols=\count305
\LT@rows=\count306
\c@LT@tables=\count307
\c@LT@chunks=\count308
\LT@p@ftn=\toks23
)
(c:/Users/lortiz/AppData/Roaming/TinyTeX/texmf-dist/tex/latex/booktabs/booktabs
.sty
Package: booktabs 2020/01/12 v1.61803398 Publication quality tables
\heavyrulewidth=\dimen161
\lightrulewidth=\dimen162
\cmidrulewidth=\dimen163
\belowrulesep=\dimen164
\belowbottomsep=\dimen165
\aboverulesep=\dimen166
\abovetopsep=\dimen167
\cmidrulesep=\dimen168
\cmidrulekern=\dimen169
\defaultaddspace=\dimen170
\@cmidla=\count309
\@cmidlb=\count310
\@aboverulesep=\dimen171
\@belowrulesep=\dimen172
\@thisruleclass=\count311
\@lastruleclass=\count312
\@thisrulewidth=\dimen173
) (c:/Users/lortiz/AppData/Roaming/TinyTeX/texmf-dist/tex/latex/tools/array.sty
Package: array 2021/04/20 v2.5e Tabular extension package (FMi)
\col@sep=\dimen174
\ar@mcellbox=\box60
\extrarowheight=\dimen175
\NC@list=\toks24
\extratabsurround=\skip58
\backup@length=\skip59
\ar@cellbox=\box61
) (c:/Users/lortiz/AppData/Roaming/TinyTeX/texmf-dist/tex/latex/tools/calc.sty
Package: calc 2017/05/25 v4.3 Infix arithmetic (KKT,FJ)
\calc@Acount=\count313
\calc@Bcount=\count314
\calc@Adimen=\dimen176
\calc@Bdimen=\dimen177
\calc@Askip=\skip60
\calc@Bskip=\skip61
LaTeX Info: Redefining \setlength on input line 80.
LaTeX Info: Redefining \addtolength on input line 81.
\calc@Ccount=\count315
\calc@Cskip=\skip62
)
(c:/Users/lortiz/AppData/Roaming/TinyTeX/texmf-dist/tex/latex/mdwtools/footnote
.sty
Package: footnote 1997/01/28 1.13 Save footnotes around boxes
\fn@notes=\box62
\fn@width=\dimen178
)
(c:/Users/lortiz/AppData/Roaming/TinyTeX/texmf-dist/tex/latex/graphics/graphicx
.sty
Package: graphicx 2020/12/05 v1.2c Enhanced LaTeX Graphics (DPC,SPQR)

(c:/Users/lortiz/AppData/Roaming/TinyTeX/texmf-dist/tex/latex/graphics/graphics
.sty
Package: graphics 2021/03/04 v1.4d Standard LaTeX Graphics (DPC,SPQR)

(c:/Users/lortiz/AppData/Roaming/TinyTeX/texmf-dist/tex/latex/graphics/trig.sty
Package: trig 2016/01/03 v1.10 sin cos tan (DPC)
)
(c:/Users/lortiz/AppData/Roaming/TinyTeX/texmf-dist/tex/latex/graphics-cfg/grap
hics.cfg
File: graphics.cfg 2016/06/04 v1.11 sample graphics configuration
)
Package graphics Info: Driver file: xetex.def on input line 107.
)
\Gin@req@height=\dimen179
\Gin@req@width=\dimen180
)
(c:/Users/lortiz/AppData/Roaming/TinyTeX/texmf-dist/tex/latex/natbib/natbib.sty
Package: natbib 2010/09/13 8.31b (PWD, AO)
\bibhang=\skip63
\bibsep=\skip64
LaTeX Info: Redefining \cite on input line 694.
\c@NAT@ctr=\count316
) (./bookdown-start.aux

LaTeX Warning: Label `eq:1' multiply defined.


LaTeX Warning: Label `eq:2' multiply defined.

)
\openout1 = `bookdown-start.aux'.

LaTeX Font Info:    Checking defaults for OML/cmm/m/it on input line 121.
LaTeX Font Info:    ... okay on input line 121.
LaTeX Font Info:    Checking defaults for OMS/cmsy/m/n on input line 121.
LaTeX Font Info:    ... okay on input line 121.
LaTeX Font Info:    Checking defaults for OT1/cmr/m/n on input line 121.
LaTeX Font Info:    ... okay on input line 121.
LaTeX Font Info:    Checking defaults for T1/cmr/m/n on input line 121.
LaTeX Font Info:    ... okay on input line 121.
LaTeX Font Info:    Checking defaults for TS1/cmr/m/n on input line 121.
LaTeX Font Info:    ... okay on input line 121.
LaTeX Font Info:    Checking defaults for TU/lmr/m/n on input line 121.
LaTeX Font Info:    ... okay on input line 121.
LaTeX Font Info:    Checking defaults for OMX/cmex/m/n on input line 121.
LaTeX Font Info:    ... okay on input line 121.
LaTeX Font Info:    Checking defaults for U/cmr/m/n on input line 121.
LaTeX Font Info:    ... okay on input line 121.
LaTeX Font Info:    Checking defaults for PD1/pdf/m/n on input line 121.
LaTeX Font Info:    ... okay on input line 121.
LaTeX Font Info:    Checking defaults for PU/pdf/m/n on input line 121.
LaTeX Font Info:    ... okay on input line 121.
LaTeX Font Info:    Overwriting math alphabet `\mathrm' in version `normal'
(Font)                  OT1/lmr/m/n --> TU/lmr/m/n on input line 121.
LaTeX Font Info:    Overwriting math alphabet `\mathit' in version `normal'
(Font)                  OT1/lmr/m/it --> TU/lmr/m/it on input line 121.
LaTeX Font Info:    Overwriting math alphabet `\mathbf' in version `normal'
(Font)                  OT1/lmr/bx/n --> TU/lmr/bx/n on input line 121.
LaTeX Font Info:    Overwriting math alphabet `\mathsf' in version `normal'
(Font)                  OT1/lmss/m/n --> TU/lmss/m/n on input line 121.
LaTeX Font Info:    Overwriting math alphabet `\mathsf' in version `bold'
(Font)                  OT1/lmss/bx/n --> TU/lmss/bx/n on input line 121.
LaTeX Font Info:    Overwriting math alphabet `\mathtt' in version `normal'
(Font)                  OT1/lmtt/m/n --> TU/lmtt/m/n on input line 121.
LaTeX Font Info:    Overwriting math alphabet `\mathtt' in version `bold'
(Font)                  OT1/lmtt/m/n --> TU/lmtt/bx/n on input line 121.

Package fontspec Info: latinmodern-math scale = 0.9999964596882403.


Package fontspec Info: latinmodern-math scale = 0.9999964596882403.


Package fontspec Info: latinmodern-math scale = 0.9999964596882403.


Package fontspec Info: Font family 'latinmodern-math.otf(0)' created for font
(fontspec)             'latinmodern-math.otf' with options
(fontspec)             [Scale=MatchLowercase,BoldItalicFont={},ItalicFont={},Sm
allCapsFont={},Script=Math,BoldFont={latinmodern-math.otf}].
(fontspec)              
(fontspec)              This font family consists of the following NFSS
(fontspec)             series/shapes:
(fontspec)              
(fontspec)             - 'normal' (m/n) with NFSS spec.:
(fontspec)             <->s*[0.9999964596882403]"[latinmodern-math.otf]/OT:scri
pt=math;language=dflt;"
(fontspec)             - 'small caps'  (m/sc) with NFSS spec.: 
(fontspec)             - 'bold' (b/n) with NFSS spec.:
(fontspec)             <->s*[0.9999964596882403]"[latinmodern-math.otf]/OT:scri
pt=math;language=dflt;"
(fontspec)             - 'bold small caps'  (b/sc) with NFSS spec.: 

LaTeX Font Info:    Font shape `TU/latinmodern-math.otf(0)/m/n' will be
(Font)              scaled to size 10.0pt on input line 121.

Package fontspec Info: latinmodern-math scale = 0.9999964596882403.


Package fontspec Info: latinmodern-math scale = 0.9999964596882403.


Package fontspec Info: latinmodern-math scale = 0.9999964596882403.


Package fontspec Info: latinmodern-math scale = 0.9999964596882403.


Package fontspec Info: latinmodern-math scale = 0.9999964596882403.


Package fontspec Info: Font family 'latinmodern-math.otf(1)' created for font
(fontspec)             'latinmodern-math.otf' with options
(fontspec)             [Scale=MatchLowercase,BoldItalicFont={},ItalicFont={},Sm
allCapsFont={},Script=Math,SizeFeatures={{Size=8.5-},{Size=6-8.5,Font=latinmode
rn-math.otf,Style=MathScript},{Size=-6,Font=latinmodern-math.otf,Style=MathScri
ptScript}},BoldFont={latinmodern-math.otf}].
(fontspec)              
(fontspec)              This font family consists of the following NFSS
(fontspec)             series/shapes:
(fontspec)              
(fontspec)             - 'normal' (m/n) with NFSS spec.:
(fontspec)             <8.5->s*[0.9999964596882403]"[latinmodern-math.otf]/OT:s
cript=math;language=dflt;"<6-8.5>s*[0.9999964596882403]"[latinmodern-math.otf]/
OT:script=math;language=dflt;+ssty=0;"<-6>s*[0.9999964596882403]"[latinmodern-m
ath.otf]/OT:script=math;language=dflt;+ssty=1;"
(fontspec)             - 'small caps'  (m/sc) with NFSS spec.: 
(fontspec)             - 'bold' (b/n) with NFSS spec.:
(fontspec)             <->s*[0.9999964596882403]"[latinmodern-math.otf]/OT:scri
pt=math;language=dflt;"
(fontspec)             - 'bold small caps'  (b/sc) with NFSS spec.: 

LaTeX Font Info:    Font shape `TU/latinmodern-math.otf(1)/m/n' will be
(Font)              scaled to size 10.0pt on input line 121.
LaTeX Font Info:    Encoding `OT1' has changed to `TU' for symbol font
(Font)              `operators' in the math version `normal' on input line 121.

LaTeX Font Info:    Overwriting symbol font `operators' in version `normal'
(Font)                  OT1/lmr/m/n --> TU/latinmodern-math.otf(1)/m/n on input
 line 121.
LaTeX Font Info:    Encoding `OT1' has changed to `TU' for symbol font
(Font)              `operators' in the math version `bold' on input line 121.
LaTeX Font Info:    Overwriting symbol font `operators' in version `bold'
(Font)                  OT1/lmr/bx/n --> TU/latinmodern-math.otf(1)/b/n on inpu
t line 121.

Package fontspec Info: latinmodern-math scale = 0.9999964596882403.


Package fontspec Info: latinmodern-math scale = 1.000096459334209.


Package fontspec Info: latinmodern-math scale = 0.9999964596882403.


Package fontspec Info: latinmodern-math scale = 1.000096459334209.


Package fontspec Info: latinmodern-math scale = 0.9999964596882403.


Package fontspec Info: latinmodern-math scale = 1.000096459334209.


Package fontspec Info: latinmodern-math scale = 0.9999964596882403.


Package fontspec Info: latinmodern-math scale = 1.000096459334209.


Package fontspec Info: latinmodern-math scale = 0.9999964596882403.


Package fontspec Info: latinmodern-math scale = 1.000096459334209.


Package fontspec Info: Font family 'latinmodern-math.otf(2)' created for font
(fontspec)             'latinmodern-math.otf' with options
(fontspec)             [Scale=MatchLowercase,BoldItalicFont={},ItalicFont={},Sm
allCapsFont={},Script=Math,SizeFeatures={{Size=8.5-},{Size=6-8.5,Font=latinmode
rn-math.otf,Style=MathScript},{Size=-6,Font=latinmodern-math.otf,Style=MathScri
ptScript}},BoldFont={latinmodern-math.otf},ScaleAgain=1.0001,FontAdjustment={\f
ontdimen
(fontspec)             8\font =6.77pt\relax \fontdimen 9\font =3.94pt\relax
(fontspec)             \fontdimen 10\font =4.44pt\relax \fontdimen 11\font
(fontspec)             =6.86pt\relax \fontdimen 12\font =3.45pt\relax
(fontspec)             \fontdimen 13\font =3.63pt\relax \fontdimen 14\font
(fontspec)             =3.63pt\relax \fontdimen 15\font =2.89pt\relax
(fontspec)             \fontdimen 16\font =2.47pt\relax \fontdimen 17\font
(fontspec)             =2.47pt\relax \fontdimen 18\font =2.5pt\relax
(fontspec)             \fontdimen 19\font =2.0pt\relax \fontdimen 22\font
(fontspec)             =2.5pt\relax \fontdimen 20\font =0pt\relax \fontdimen
(fontspec)             21\font =0pt\relax }].
(fontspec)              
(fontspec)              This font family consists of the following NFSS
(fontspec)             series/shapes:
(fontspec)              
(fontspec)             - 'normal' (m/n) with NFSS spec.:
(fontspec)             <8.5->s*[1.000096459334209]"[latinmodern-math.otf]/OT:sc
ript=math;language=dflt;"<6-8.5>s*[1.000096459334209]"[latinmodern-math.otf]/OT
:script=math;language=dflt;+ssty=0;"<-6>s*[1.000096459334209]"[latinmodern-math
.otf]/OT:script=math;language=dflt;+ssty=1;"
(fontspec)             - 'small caps'  (m/sc) with NFSS spec.: 
(fontspec)             and font adjustment code:
(fontspec)             \fontdimen 8\font =6.77pt\relax \fontdimen 9\font
(fontspec)             =3.94pt\relax \fontdimen 10\font =4.44pt\relax
(fontspec)             \fontdimen 11\font =6.86pt\relax \fontdimen 12\font
(fontspec)             =3.45pt\relax \fontdimen 13\font =3.63pt\relax
(fontspec)             \fontdimen 14\font =3.63pt\relax \fontdimen 15\font
(fontspec)             =2.89pt\relax \fontdimen 16\font =2.47pt\relax
(fontspec)             \fontdimen 17\font =2.47pt\relax \fontdimen 18\font
(fontspec)             =2.5pt\relax \fontdimen 19\font =2.0pt\relax \fontdimen
(fontspec)             22\font =2.5pt\relax \fontdimen 20\font =0pt\relax
(fontspec)             \fontdimen 21\font =0pt\relax 
(fontspec)             - 'bold' (b/n) with NFSS spec.:
(fontspec)             <->s*[1.000096459334209]"[latinmodern-math.otf]/OT:scrip
t=math;language=dflt;"
(fontspec)             - 'bold small caps'  (b/sc) with NFSS spec.: 
(fontspec)             and font adjustment code:
(fontspec)             \fontdimen 8\font =6.77pt\relax \fontdimen 9\font
(fontspec)             =3.94pt\relax \fontdimen 10\font =4.44pt\relax
(fontspec)             \fontdimen 11\font =6.86pt\relax \fontdimen 12\font
(fontspec)             =3.45pt\relax \fontdimen 13\font =3.63pt\relax
(fontspec)             \fontdimen 14\font =3.63pt\relax \fontdimen 15\font
(fontspec)             =2.89pt\relax \fontdimen 16\font =2.47pt\relax
(fontspec)             \fontdimen 17\font =2.47pt\relax \fontdimen 18\font
(fontspec)             =2.5pt\relax \fontdimen 19\font =2.0pt\relax \fontdimen
(fontspec)             22\font =2.5pt\relax \fontdimen 20\font =0pt\relax
(fontspec)             \fontdimen 21\font =0pt\relax 

LaTeX Font Info:    Encoding `OMS' has changed to `TU' for symbol font
(Font)              `symbols' in the math version `normal' on input line 121.
LaTeX Font Info:    Overwriting symbol font `symbols' in version `normal'
(Font)                  OMS/lmsy/m/n --> TU/latinmodern-math.otf(2)/m/n on inpu
t line 121.
LaTeX Font Info:    Encoding `OMS' has changed to `TU' for symbol font
(Font)              `symbols' in the math version `bold' on input line 121.
LaTeX Font Info:    Overwriting symbol font `symbols' in version `bold'
(Font)                  OMS/lmsy/b/n --> TU/latinmodern-math.otf(2)/b/n on inpu
t line 121.

Package fontspec Info: latinmodern-math scale = 0.9999964596882403.


Package fontspec Info: latinmodern-math scale = 0.9998964600422715.


Package fontspec Info: latinmodern-math scale = 0.9999964596882403.


Package fontspec Info: latinmodern-math scale = 0.9998964600422715.


Package fontspec Info: latinmodern-math scale = 0.9999964596882403.


Package fontspec Info: latinmodern-math scale = 0.9998964600422715.


Package fontspec Info: latinmodern-math scale = 0.9999964596882403.


Package fontspec Info: latinmodern-math scale = 0.9998964600422715.


Package fontspec Info: latinmodern-math scale = 0.9999964596882403.


Package fontspec Info: latinmodern-math scale = 0.9998964600422715.


Package fontspec Info: Font family 'latinmodern-math.otf(3)' created for font
(fontspec)             'latinmodern-math.otf' with options
(fontspec)             [Scale=MatchLowercase,BoldItalicFont={},ItalicFont={},Sm
allCapsFont={},Script=Math,SizeFeatures={{Size=8.5-},{Size=6-8.5,Font=latinmode
rn-math.otf,Style=MathScript},{Size=-6,Font=latinmodern-math.otf,Style=MathScri
ptScript}},BoldFont={latinmodern-math.otf},ScaleAgain=0.9999,FontAdjustment={\f
ontdimen
(fontspec)             8\font =0.4pt\relax \fontdimen 9\font =2.0pt\relax
(fontspec)             \fontdimen 10\font =1.67pt\relax \fontdimen 11\font
(fontspec)             =1.11pt\relax \fontdimen 12\font =6.0pt\relax
(fontspec)             \fontdimen 13\font =0pt\relax }].
(fontspec)              
(fontspec)              This font family consists of the following NFSS
(fontspec)             series/shapes:
(fontspec)              
(fontspec)             - 'normal' (m/n) with NFSS spec.:
(fontspec)             <8.5->s*[0.9998964600422715]"[latinmodern-math.otf]/OT:s
cript=math;language=dflt;"<6-8.5>s*[0.9998964600422715]"[latinmodern-math.otf]/
OT:script=math;language=dflt;+ssty=0;"<-6>s*[0.9998964600422715]"[latinmodern-m
ath.otf]/OT:script=math;language=dflt;+ssty=1;"
(fontspec)             - 'small caps'  (m/sc) with NFSS spec.: 
(fontspec)             and font adjustment code:
(fontspec)             \fontdimen 8\font =0.4pt\relax \fontdimen 9\font
(fontspec)             =2.0pt\relax \fontdimen 10\font =1.67pt\relax
(fontspec)             \fontdimen 11\font =1.11pt\relax \fontdimen 12\font
(fontspec)             =6.0pt\relax \fontdimen 13\font =0pt\relax 
(fontspec)             - 'bold' (b/n) with NFSS spec.:
(fontspec)             <->s*[0.9998964600422715]"[latinmodern-math.otf]/OT:scri
pt=math;language=dflt;"
(fontspec)             - 'bold small caps'  (b/sc) with NFSS spec.: 
(fontspec)             and font adjustment code:
(fontspec)             \fontdimen 8\font =0.4pt\relax \fontdimen 9\font
(fontspec)             =2.0pt\relax \fontdimen 10\font =1.67pt\relax
(fontspec)             \fontdimen 11\font =1.11pt\relax \fontdimen 12\font
(fontspec)             =6.0pt\relax \fontdimen 13\font =0pt\relax 

LaTeX Font Info:    Encoding `OMX' has changed to `TU' for symbol font
(Font)              `largesymbols' in the math version `normal' on input line 1
21.
LaTeX Font Info:    Overwriting symbol font `largesymbols' in version `normal'
(Font)                  OMX/lmex/m/n --> TU/latinmodern-math.otf(3)/m/n on inpu
t line 121.
LaTeX Font Info:    Encoding `OMX' has changed to `TU' for symbol font
(Font)              `largesymbols' in the math version `bold' on input line 121
.
LaTeX Font Info:    Overwriting symbol font `largesymbols' in version `bold'
(Font)                  OMX/lmex/m/n --> TU/latinmodern-math.otf(3)/b/n on inpu
t line 121.
LaTeX Info: Redefining \microtypecontext on input line 121.
Package microtype Info: Character protrusion enabled (level 2).
Package microtype Info: Using protrusion set `basicmath'.
Package microtype Info: No adjustment of tracking.
Package microtype Info: No adjustment of spacing.
Package microtype Info: No adjustment of kerning.

(c:/Users/lortiz/AppData/Roaming/TinyTeX/texmf-dist/tex/latex/microtype/mt-Lati
nModernRoman.cfg
File: mt-LatinModernRoman.cfg 2021/02/21 v1.1 microtype config. file: Latin Mod
ern Roman (RS)
)
Package hyperref Info: Link coloring OFF on input line 121.

(c:/Users/lortiz/AppData/Roaming/TinyTeX/texmf-dist/tex/latex/hyperref/nameref.
sty
Package: nameref 2021-04-02 v2.47 Cross-referencing by name of section

(c:/Users/lortiz/AppData/Roaming/TinyTeX/texmf-dist/tex/latex/refcount/refcount
.sty
Package: refcount 2019/12/15 v3.6 Data extraction from label references (HO)
)
(c:/Users/lortiz/AppData/Roaming/TinyTeX/texmf-dist/tex/generic/gettitlestring/
gettitlestring.sty
Package: gettitlestring 2019/12/15 v1.6 Cleanup title references (HO)
)
\c@section@level=\count317
)
LaTeX Info: Redefining \ref on input line 121.
LaTeX Info: Redefining \pageref on input line 121.
LaTeX Info: Redefining \nameref on input line 121.
(./bookdown-start.out) (./bookdown-start.out)
\@outlinefile=\write4
\openout4 = `bookdown-start.out'.

LaTeX Font Info:    Font shape `TU/latinmodern-math.otf(1)/m/n' will be
(Font)              scaled to size 12.0pt on input line 123.
LaTeX Font Info:    Font shape `TU/latinmodern-math.otf(1)/m/n' will be
(Font)              scaled to size 8.0pt on input line 123.
LaTeX Font Info:    Font shape `TU/latinmodern-math.otf(1)/m/n' will be
(Font)              scaled to size 6.0pt on input line 123.
LaTeX Font Info:    Trying to load font information for OML+lmm on input line 1
23.
(c:/Users/lortiz/AppData/Roaming/TinyTeX/texmf-dist/tex/latex/lm/omllmm.fd
File: omllmm.fd 2015/05/01 v1.6.1 Font defs for Latin Modern
)
LaTeX Font Info:    Font shape `TU/latinmodern-math.otf(2)/m/n' will be
(Font)              scaled to size 12.0011pt on input line 123.
LaTeX Font Info:    Font shape `TU/latinmodern-math.otf(2)/m/n' will be
(Font)              scaled to size 8.00073pt on input line 123.
LaTeX Font Info:    Font shape `TU/latinmodern-math.otf(2)/m/n' will be
(Font)              scaled to size 6.00055pt on input line 123.
LaTeX Font Info:    Font shape `TU/latinmodern-math.otf(3)/m/n' will be
(Font)              scaled to size 11.99872pt on input line 123.
LaTeX Font Info:    Font shape `TU/latinmodern-math.otf(3)/m/n' will be
(Font)              scaled to size 7.99915pt on input line 123.
LaTeX Font Info:    Font shape `TU/latinmodern-math.otf(3)/m/n' will be
(Font)              scaled to size 5.99936pt on input line 123.
LaTeX Font Info:    Trying to load font information for U+msa on input line 123
.
(c:/Users/lortiz/AppData/Roaming/TinyTeX/texmf-dist/tex/latex/amsfonts/umsa.fd
File: umsa.fd 2013/01/14 v3.01 AMS symbols A
)
(c:/Users/lortiz/AppData/Roaming/TinyTeX/texmf-dist/tex/latex/microtype/mt-msa.
cfg
File: mt-msa.cfg 2006/02/04 v1.1 microtype config. file: AMS symbols (a) (RS)
)
LaTeX Font Info:    Trying to load font information for U+msb on input line 123
.
(c:/Users/lortiz/AppData/Roaming/TinyTeX/texmf-dist/tex/latex/amsfonts/umsb.fd
File: umsb.fd 2013/01/14 v3.01 AMS symbols B
)
(c:/Users/lortiz/AppData/Roaming/TinyTeX/texmf-dist/tex/latex/microtype/mt-msb.
cfg
File: mt-msb.cfg 2005/06/01 v1.0 microtype config. file: AMS symbols (b) (RS)
) [1


] [2

] (./bookdown-start.toc
LaTeX Font Info:    Font shape `TU/latinmodern-math.otf(1)/m/n' will be
(Font)              scaled to size 7.0pt on input line 2.
LaTeX Font Info:    Font shape `TU/latinmodern-math.otf(1)/m/n' will be
(Font)              scaled to size 5.0pt on input line 2.
LaTeX Font Info:    Font shape `TU/latinmodern-math.otf(2)/m/n' will be
(Font)              scaled to size 10.00092pt on input line 2.
LaTeX Font Info:    Font shape `TU/latinmodern-math.otf(2)/m/n' will be
(Font)              scaled to size 7.00064pt on input line 2.
LaTeX Font Info:    Font shape `TU/latinmodern-math.otf(2)/m/n' will be
(Font)              scaled to size 5.00046pt on input line 2.
LaTeX Font Info:    Font shape `TU/latinmodern-math.otf(3)/m/n' will be
(Font)              scaled to size 9.99893pt on input line 2.
LaTeX Font Info:    Font shape `TU/latinmodern-math.otf(3)/m/n' will be
(Font)              scaled to size 6.99925pt on input line 2.
LaTeX Font Info:    Font shape `TU/latinmodern-math.otf(3)/m/n' will be
(Font)              scaled to size 4.99947pt on input line 2.
)
\tf@toc=\write5
\openout5 = `bookdown-start.toc'.

[3] [4

]
Chapter 1.
File: index_files/figure-latex/unnamed-chunk-2-1.pdf Graphic file (type pdf)
<use index_files/figure-latex/unnamed-chunk-2-1.pdf>

Underfull \vbox (badness 10000) has occurred while \output is active []

[5]
File: index_files/figure-latex/unnamed-chunk-3-1.pdf Graphic file (type pdf)
<use index_files/figure-latex/unnamed-chunk-3-1.pdf>

Underfull \vbox (badness 10000) has occurred while \output is active []

[6]
File: index_files/figure-latex/unnamed-chunk-4-1.pdf Graphic file (type pdf)
<use index_files/figure-latex/unnamed-chunk-4-1.pdf>

Underfull \vbox (badness 10000) has occurred while \output is active []

[7]
File: index_files/figure-latex/unnamed-chunk-5-1.pdf Graphic file (type pdf)
<use index_files/figure-latex/unnamed-chunk-5-1.pdf>

Underfull \vbox (badness 10000) has occurred while \output is active []

[8]
File: index_files/figure-latex/unnamed-chunk-6-1.pdf Graphic file (type pdf)
<use index_files/figure-latex/unnamed-chunk-6-1.pdf>

Underfull \hbox (badness 10000) in paragraph at lines 213--215
[][]
 []


Underfull \vbox (badness 10000) has occurred while \output is active []

[9]
File: index_files/figure-latex/unnamed-chunk-7-1.pdf Graphic file (type pdf)
<use index_files/figure-latex/unnamed-chunk-7-1.pdf>
[10]
File: index_files/figure-latex/unnamed-chunk-9-1.pdf Graphic file (type pdf)
<use index_files/figure-latex/unnamed-chunk-9-1.pdf>
File: index_files/figure-latex/unnamed-chunk-11-1.pdf Graphic file (type pdf)
<use index_files/figure-latex/unnamed-chunk-11-1.pdf>

Underfull \vbox (badness 7116) has occurred while \output is active []

[11]
File: index_files/figure-latex/unnamed-chunk-12-1.pdf Graphic file (type pdf)
<use index_files/figure-latex/unnamed-chunk-12-1.pdf>

Underfull \vbox (badness 10000) has occurred while \output is active []

[12]
File: index_files/figure-latex/unnamed-chunk-13-1.pdf Graphic file (type pdf)
<use index_files/figure-latex/unnamed-chunk-13-1.pdf>

Underfull \vbox (badness 4353) has occurred while \output is active []

[13]
File: index_files/figure-latex/unnamed-chunk-14-1.pdf Graphic file (type pdf)
<use index_files/figure-latex/unnamed-chunk-14-1.pdf>
File: index_files/figure-latex/unnamed-chunk-15-1.pdf Graphic file (type pdf)
<use index_files/figure-latex/unnamed-chunk-15-1.pdf>

Underfull \vbox (badness 10000) has occurred while \output is active []

[14]
File: index_files/figure-latex/unnamed-chunk-16-1.pdf Graphic file (type pdf)
<use index_files/figure-latex/unnamed-chunk-16-1.pdf>
[15]
File: index_files/figure-latex/unnamed-chunk-17-1.pdf Graphic file (type pdf)
<use index_files/figure-latex/unnamed-chunk-17-1.pdf>
File: index_files/figure-latex/unnamed-chunk-18-1.pdf Graphic file (type pdf)
<use index_files/figure-latex/unnamed-chunk-18-1.pdf>

Underfull \vbox (badness 10000) has occurred while \output is active []

[16]
File: index_files/figure-latex/unnamed-chunk-19-1.pdf Graphic file (type pdf)
<use index_files/figure-latex/unnamed-chunk-19-1.pdf>
[17]
File: index_files/figure-latex/unnamed-chunk-20-1.pdf Graphic file (type pdf)
<use index_files/figure-latex/unnamed-chunk-20-1.pdf>
File: index_files/figure-latex/unnamed-chunk-21-1.pdf Graphic file (type pdf)
<use index_files/figure-latex/unnamed-chunk-21-1.pdf>

Underfull \vbox (badness 10000) has occurred while \output is active []

[18]
File: index_files/figure-latex/unnamed-chunk-22-1.pdf Graphic file (type pdf)
<use index_files/figure-latex/unnamed-chunk-22-1.pdf>

Underfull \vbox (badness 10000) has occurred while \output is active []

[19]
File: index_files/figure-latex/unnamed-chunk-23-1.pdf Graphic file (type pdf)
<use index_files/figure-latex/unnamed-chunk-23-1.pdf>

Underfull \vbox (badness 10000) has occurred while \output is active []

[20] [21] [22

]
Chapter 2.
File: index_files/figure-latex/unnamed-chunk-24-1.pdf Graphic file (type pdf)
<use index_files/figure-latex/unnamed-chunk-24-1.pdf>

Underfull \vbox (badness 10000) has occurred while \output is active []

[23]
File: index_files/figure-latex/unnamed-chunk-25-1.pdf Graphic file (type pdf)
<use index_files/figure-latex/unnamed-chunk-25-1.pdf>

Underfull \vbox (badness 10000) has occurred while \output is active []

[24]
Overfull \hbox (2.71233pt too wide) has occurred while \output is active
\TU/lmr/m/sl/10 2.2.  MODELOS PARA HACER PRONÓSTICOS DEL PIB DE HONDURAS \TU/lm
r/m/n/10 25
 []

[25]
Underfull \vbox (badness 10000) has occurred while \output is active []

[26]
File: index_files/figure-latex/unnamed-chunk-27-1.pdf Graphic file (type pdf)
<use index_files/figure-latex/unnamed-chunk-27-1.pdf>

Overfull \hbox (2.71233pt too wide) has occurred while \output is active
\TU/lmr/m/sl/10 2.2.  MODELOS PARA HACER PRONÓSTICOS DEL PIB DE HONDURAS \TU/lm
r/m/n/10 27
 []

[27]
File: index_files/figure-latex/unnamed-chunk-28-1.pdf Graphic file (type pdf)
<use index_files/figure-latex/unnamed-chunk-28-1.pdf>

Underfull \vbox (badness 2608) has occurred while \output is active []

[28]
File: index_files/figure-latex/unnamed-chunk-29-1.pdf Graphic file (type pdf)
<use index_files/figure-latex/unnamed-chunk-29-1.pdf>
File: index_files/figure-latex/unnamed-chunk-30-1.pdf Graphic file (type pdf)
<use index_files/figure-latex/unnamed-chunk-30-1.pdf>

Underfull \vbox (badness 1824) has occurred while \output is active []


Overfull \hbox (2.71233pt too wide) has occurred while \output is active
\TU/lmr/m/sl/10 2.2.  MODELOS PARA HACER PRONÓSTICOS DEL PIB DE HONDURAS \TU/lm
r/m/n/10 29
 []

[29]
LaTeX Font Info:    Font shape `TU/lmtt/bx/n' in size <10> not available
(Font)              Font shape `TU/lmtt/b/n' tried instead on input line 653.
File: index_files/figure-latex/unnamed-chunk-31-1.pdf Graphic file (type pdf)
<use index_files/figure-latex/unnamed-chunk-31-1.pdf>

Underfull \vbox (badness 10000) has occurred while \output is active []

[30]
File: index_files/figure-latex/unnamed-chunk-32-1.pdf Graphic file (type pdf)
<use index_files/figure-latex/unnamed-chunk-32-1.pdf>

Underfull \vbox (badness 10000) has occurred while \output is active []

[31] [32]
Chapter 3.

Overfull \vbox (0.72678pt too high) detected at line 718
 []

[33

] [34]
File: 03_EJERCICIOS_files/figure-latex/unnamed-chunk-2-1.pdf Graphic file (type
 pdf)
<use 03_EJERCICIOS_files/figure-latex/unnamed-chunk-2-1.pdf>
File: 03_EJERCICIOS_files/figure-latex/unnamed-chunk-2-2.pdf Graphic file (type
 pdf)
<use 03_EJERCICIOS_files/figure-latex/unnamed-chunk-2-2.pdf>
File: 03_EJERCICIOS_files/figure-latex/unnamed-chunk-2-3.pdf Graphic file (type
 pdf)
<use 03_EJERCICIOS_files/figure-latex/unnamed-chunk-2-3.pdf>
File: 03_EJERCICIOS_files/figure-latex/unnamed-chunk-2-4.pdf Graphic file (type
 pdf)
<use 03_EJERCICIOS_files/figure-latex/unnamed-chunk-2-4.pdf>
File: 03_EJERCICIOS_files/figure-latex/unnamed-chunk-2-5.pdf Graphic file (type
 pdf)
<use 03_EJERCICIOS_files/figure-latex/unnamed-chunk-2-5.pdf>
File: 03_EJERCICIOS_files/figure-latex/unnamed-chunk-2-6.pdf Graphic file (type
 pdf)
<use 03_EJERCICIOS_files/figure-latex/unnamed-chunk-2-6.pdf>
File: 03_EJERCICIOS_files/figure-latex/unnamed-chunk-2-7.pdf Graphic file (type
 pdf)
<use 03_EJERCICIOS_files/figure-latex/unnamed-chunk-2-7.pdf>
File: 03_EJERCICIOS_files/figure-latex/unnamed-chunk-2-8.pdf Graphic file (type
 pdf)
<use 03_EJERCICIOS_files/figure-latex/unnamed-chunk-2-8.pdf>
File: 03_EJERCICIOS_files/figure-latex/unnamed-chunk-2-9.pdf Graphic file (type
 pdf)
<use 03_EJERCICIOS_files/figure-latex/unnamed-chunk-2-9.pdf>
File: 03_EJERCICIOS_files/figure-latex/unnamed-chunk-2-10.pdf Graphic file (typ
e pdf)
<use 03_EJERCICIOS_files/figure-latex/unnamed-chunk-2-10.pdf>
File: 03_EJERCICIOS_files/figure-latex/unnamed-chunk-2-11.pdf Graphic file (typ
e pdf)
<use 03_EJERCICIOS_files/figure-latex/unnamed-chunk-2-11.pdf>
File: 03_EJERCICIOS_files/figure-latex/unnamed-chunk-2-12.pdf Graphic file (typ
e pdf)
<use 03_EJERCICIOS_files/figure-latex/unnamed-chunk-2-12.pdf>
File: 03_EJERCICIOS_files/figure-latex/unnamed-chunk-2-13.pdf Graphic file (typ
e pdf)
<use 03_EJERCICIOS_files/figure-latex/unnamed-chunk-2-13.pdf>
File: 03_EJERCICIOS_files/figure-latex/unnamed-chunk-2-14.pdf Graphic file (typ
e pdf)
<use 03_EJERCICIOS_files/figure-latex/unnamed-chunk-2-14.pdf>
File: 03_EJERCICIOS_files/figure-latex/unnamed-chunk-2-15.pdf Graphic file (typ
e pdf)
<use 03_EJERCICIOS_files/figure-latex/unnamed-chunk-2-15.pdf>
File: 03_EJERCICIOS_files/figure-latex/unnamed-chunk-2-16.pdf Graphic file (typ
e pdf)
<use 03_EJERCICIOS_files/figure-latex/unnamed-chunk-2-16.pdf>
File: 03_EJERCICIOS_files/figure-latex/unnamed-chunk-2-17.pdf Graphic file (typ
e pdf)
<use 03_EJERCICIOS_files/figure-latex/unnamed-chunk-2-17.pdf>
File: 03_EJERCICIOS_files/figure-latex/unnamed-chunk-2-18.pdf Graphic file (typ
e pdf)
<use 03_EJERCICIOS_files/figure-latex/unnamed-chunk-2-18.pdf>
File: 03_EJERCICIOS_files/figure-latex/unnamed-chunk-2-19.pdf Graphic file (typ
e pdf)
<use 03_EJERCICIOS_files/figure-latex/unnamed-chunk-2-19.pdf>
File: 03_EJERCICIOS_files/figure-latex/unnamed-chunk-2-20.pdf Graphic file (typ
e pdf)
<use 03_EJERCICIOS_files/figure-latex/unnamed-chunk-2-20.pdf>
File: 03_EJERCICIOS_files/figure-latex/unnamed-chunk-2-21.pdf Graphic file (typ
e pdf)
<use 03_EJERCICIOS_files/figure-latex/unnamed-chunk-2-21.pdf>
File: 03_EJERCICIOS_files/figure-latex/unnamed-chunk-2-22.pdf Graphic file (typ
e pdf)
<use 03_EJERCICIOS_files/figure-latex/unnamed-chunk-2-22.pdf>
File: 03_EJERCICIOS_files/figure-latex/unnamed-chunk-2-23.pdf Graphic file (typ
e pdf)
<use 03_EJERCICIOS_files/figure-latex/unnamed-chunk-2-23.pdf>
File: 03_EJERCICIOS_files/figure-latex/unnamed-chunk-2-24.pdf Graphic file (typ
e pdf)
<use 03_EJERCICIOS_files/figure-latex/unnamed-chunk-2-24.pdf>
File: 03_EJERCICIOS_files/figure-latex/unnamed-chunk-2-25.pdf Graphic file (typ
e pdf)
<use 03_EJERCICIOS_files/figure-latex/unnamed-chunk-2-25.pdf>
File: 03_EJERCICIOS_files/figure-latex/unnamed-chunk-2-26.pdf Graphic file (typ
e pdf)
<use 03_EJERCICIOS_files/figure-latex/unnamed-chunk-2-26.pdf>
File: 03_EJERCICIOS_files/figure-latex/unnamed-chunk-2-27.pdf Graphic file (typ
e pdf)
<use 03_EJERCICIOS_files/figure-latex/unnamed-chunk-2-27.pdf>
File: 03_EJERCICIOS_files/figure-latex/unnamed-chunk-2-28.pdf Graphic file (typ
e pdf)
<use 03_EJERCICIOS_files/figure-latex/unnamed-chunk-2-28.pdf>
File: 03_EJERCICIOS_files/figure-latex/unnamed-chunk-2-29.pdf Graphic file (typ
e pdf)
<use 03_EJERCICIOS_files/figure-latex/unnamed-chunk-2-29.pdf>
File: 03_EJERCICIOS_files/figure-latex/unnamed-chunk-2-30.pdf Graphic file (typ
e pdf)
<use 03_EJERCICIOS_files/figure-latex/unnamed-chunk-2-30.pdf>

Underfull \hbox (badness 10000) in paragraph at lines 779--780
[][]
 []


Underfull \hbox (badness 10000) in paragraph at lines 779--780
[]
 []


Underfull \hbox (badness 10000) in paragraph at lines 779--780
[]
 []


Underfull \hbox (badness 10000) in paragraph at lines 779--780
[]
 []


Underfull \hbox (badness 10000) in paragraph at lines 779--780
[]
 []


Underfull \hbox (badness 10000) in paragraph at lines 779--780
[]
 []


Underfull \hbox (badness 10000) in paragraph at lines 779--780
[]
 []


Underfull \hbox (badness 10000) in paragraph at lines 779--780
[]
 []


Underfull \hbox (badness 10000) in paragraph at lines 779--780
[]
 []


Underfull \hbox (badness 10000) in paragraph at lines 779--780
[]
 []


Underfull \hbox (badness 10000) in paragraph at lines 779--780
[]
 []


Underfull \hbox (badness 10000) in paragraph at lines 779--780
[]
 []


Underfull \hbox (badness 10000) in paragraph at lines 779--780
[]
 []


Underfull \hbox (badness 10000) in paragraph at lines 779--780
[]
 []


Underfull \hbox (badness 10000) in paragraph at lines 779--780
[]
 []


Underfull \hbox (badness 10000) in paragraph at lines 779--780
[]
 []


Underfull \hbox (badness 10000) in paragraph at lines 779--780
[]
 []


Underfull \hbox (badness 10000) in paragraph at lines 779--780
[]
 []


Underfull \hbox (badness 10000) in paragraph at lines 779--780
[]
 []


Underfull \hbox (badness 10000) in paragraph at lines 779--780
[]
 []


Underfull \hbox (badness 10000) in paragraph at lines 779--780
[]
 []


Underfull \hbox (badness 10000) in paragraph at lines 779--780
[]
 []


Underfull \hbox (badness 10000) in paragraph at lines 779--780
[]
 []


Underfull \hbox (badness 10000) in paragraph at lines 779--780
[]
 []


Underfull \hbox (badness 10000) in paragraph at lines 779--780
[]
 []


Underfull \hbox (badness 10000) in paragraph at lines 779--780
[]
 []


Underfull \hbox (badness 10000) in paragraph at lines 779--780
[]
 []


Underfull \hbox (badness 10000) in paragraph at lines 779--780
[]
 []


Underfull \hbox (badness 10000) in paragraph at lines 779--780
[]
 []


Underfull \vbox (badness 10000) has occurred while \output is active []

[35]
Underfull \vbox (badness 10000) has occurred while \output is active []

[36]
Underfull \vbox (badness 10000) has occurred while \output is active []

[37]
Underfull \vbox (badness 10000) has occurred while \output is active []

[38]
Underfull \vbox (badness 10000) has occurred while \output is active []

[39]
Underfull \vbox (badness 10000) has occurred while \output is active []

[40]
Underfull \vbox (badness 10000) has occurred while \output is active []

[41]
Underfull \vbox (badness 10000) has occurred while \output is active []

[42]
Underfull \vbox (badness 10000) has occurred while \output is active []

[43]
Underfull \vbox (badness 10000) has occurred while \output is active []

[44]
Underfull \vbox (badness 10000) has occurred while \output is active []

[45]
Underfull \vbox (badness 10000) has occurred while \output is active []

[46]
Underfull \vbox (badness 10000) has occurred while \output is active []

[47]
Underfull \vbox (badness 10000) has occurred while \output is active []

[48]
Underfull \vbox (badness 10000) has occurred while \output is active []

[49]
Overfull \vbox (0.68402pt too high) detected at line 820
 []

[50]
File: 03_EJERCICIOS_files/figure-latex/unnamed-chunk-3-1.pdf Graphic file (type
 pdf)
<use 03_EJERCICIOS_files/figure-latex/unnamed-chunk-3-1.pdf>
File: 03_EJERCICIOS_files/figure-latex/unnamed-chunk-3-2.pdf Graphic file (type
 pdf)
<use 03_EJERCICIOS_files/figure-latex/unnamed-chunk-3-2.pdf>
File: 03_EJERCICIOS_files/figure-latex/unnamed-chunk-3-3.pdf Graphic file (type
 pdf)
<use 03_EJERCICIOS_files/figure-latex/unnamed-chunk-3-3.pdf>
File: 03_EJERCICIOS_files/figure-latex/unnamed-chunk-3-4.pdf Graphic file (type
 pdf)
<use 03_EJERCICIOS_files/figure-latex/unnamed-chunk-3-4.pdf>
File: 03_EJERCICIOS_files/figure-latex/unnamed-chunk-3-5.pdf Graphic file (type
 pdf)
<use 03_EJERCICIOS_files/figure-latex/unnamed-chunk-3-5.pdf>
File: 03_EJERCICIOS_files/figure-latex/unnamed-chunk-3-6.pdf Graphic file (type
 pdf)
<use 03_EJERCICIOS_files/figure-latex/unnamed-chunk-3-6.pdf>
File: 03_EJERCICIOS_files/figure-latex/unnamed-chunk-3-7.pdf Graphic file (type
 pdf)
<use 03_EJERCICIOS_files/figure-latex/unnamed-chunk-3-7.pdf>
File: 03_EJERCICIOS_files/figure-latex/unnamed-chunk-3-8.pdf Graphic file (type
 pdf)
<use 03_EJERCICIOS_files/figure-latex/unnamed-chunk-3-8.pdf>
File: 03_EJERCICIOS_files/figure-latex/unnamed-chunk-3-9.pdf Graphic file (type
 pdf)
<use 03_EJERCICIOS_files/figure-latex/unnamed-chunk-3-9.pdf>
File: 03_EJERCICIOS_files/figure-latex/unnamed-chunk-3-10.pdf Graphic file (typ
e pdf)
<use 03_EJERCICIOS_files/figure-latex/unnamed-chunk-3-10.pdf>
File: 03_EJERCICIOS_files/figure-latex/unnamed-chunk-3-11.pdf Graphic file (typ
e pdf)
<use 03_EJERCICIOS_files/figure-latex/unnamed-chunk-3-11.pdf>
File: 03_EJERCICIOS_files/figure-latex/unnamed-chunk-3-12.pdf Graphic file (typ
e pdf)
<use 03_EJERCICIOS_files/figure-latex/unnamed-chunk-3-12.pdf>
File: 03_EJERCICIOS_files/figure-latex/unnamed-chunk-3-13.pdf Graphic file (typ
e pdf)
<use 03_EJERCICIOS_files/figure-latex/unnamed-chunk-3-13.pdf>
File: 03_EJERCICIOS_files/figure-latex/unnamed-chunk-3-14.pdf Graphic file (typ
e pdf)
<use 03_EJERCICIOS_files/figure-latex/unnamed-chunk-3-14.pdf>
File: 03_EJERCICIOS_files/figure-latex/unnamed-chunk-3-15.pdf Graphic file (typ
e pdf)
<use 03_EJERCICIOS_files/figure-latex/unnamed-chunk-3-15.pdf>
File: 03_EJERCICIOS_files/figure-latex/unnamed-chunk-3-16.pdf Graphic file (typ
e pdf)
<use 03_EJERCICIOS_files/figure-latex/unnamed-chunk-3-16.pdf>
File: 03_EJERCICIOS_files/figure-latex/unnamed-chunk-3-17.pdf Graphic file (typ
e pdf)
<use 03_EJERCICIOS_files/figure-latex/unnamed-chunk-3-17.pdf>
File: 03_EJERCICIOS_files/figure-latex/unnamed-chunk-3-18.pdf Graphic file (typ
e pdf)
<use 03_EJERCICIOS_files/figure-latex/unnamed-chunk-3-18.pdf>
File: 03_EJERCICIOS_files/figure-latex/unnamed-chunk-3-19.pdf Graphic file (typ
e pdf)
<use 03_EJERCICIOS_files/figure-latex/unnamed-chunk-3-19.pdf>
File: 03_EJERCICIOS_files/figure-latex/unnamed-chunk-3-20.pdf Graphic file (typ
e pdf)
<use 03_EJERCICIOS_files/figure-latex/unnamed-chunk-3-20.pdf>
File: 03_EJERCICIOS_files/figure-latex/unnamed-chunk-3-21.pdf Graphic file (typ
e pdf)
<use 03_EJERCICIOS_files/figure-latex/unnamed-chunk-3-21.pdf>
File: 03_EJERCICIOS_files/figure-latex/unnamed-chunk-3-22.pdf Graphic file (typ
e pdf)
<use 03_EJERCICIOS_files/figure-latex/unnamed-chunk-3-22.pdf>
File: 03_EJERCICIOS_files/figure-latex/unnamed-chunk-3-23.pdf Graphic file (typ
e pdf)
<use 03_EJERCICIOS_files/figure-latex/unnamed-chunk-3-23.pdf>
File: 03_EJERCICIOS_files/figure-latex/unnamed-chunk-3-24.pdf Graphic file (typ
e pdf)
<use 03_EJERCICIOS_files/figure-latex/unnamed-chunk-3-24.pdf>
File: 03_EJERCICIOS_files/figure-latex/unnamed-chunk-3-25.pdf Graphic file (typ
e pdf)
<use 03_EJERCICIOS_files/figure-latex/unnamed-chunk-3-25.pdf>
File: 03_EJERCICIOS_files/figure-latex/unnamed-chunk-3-26.pdf Graphic file (typ
e pdf)
<use 03_EJERCICIOS_files/figure-latex/unnamed-chunk-3-26.pdf>
File: 03_EJERCICIOS_files/figure-latex/unnamed-chunk-3-27.pdf Graphic file (typ
e pdf)
<use 03_EJERCICIOS_files/figure-latex/unnamed-chunk-3-27.pdf>
File: 03_EJERCICIOS_files/figure-latex/unnamed-chunk-3-28.pdf Graphic file (typ
e pdf)
<use 03_EJERCICIOS_files/figure-latex/unnamed-chunk-3-28.pdf>
File: 03_EJERCICIOS_files/figure-latex/unnamed-chunk-3-29.pdf Graphic file (typ
e pdf)
<use 03_EJERCICIOS_files/figure-latex/unnamed-chunk-3-29.pdf>
File: 03_EJERCICIOS_files/figure-latex/unnamed-chunk-3-30.pdf Graphic file (typ
e pdf)
<use 03_EJERCICIOS_files/figure-latex/unnamed-chunk-3-30.pdf>

Underfull \hbox (badness 10000) in paragraph at lines 822--823
[][]
 []


Underfull \hbox (badness 10000) in paragraph at lines 822--823
[]
 []


Underfull \hbox (badness 10000) in paragraph at lines 822--823
[]
 []


Underfull \hbox (badness 10000) in paragraph at lines 822--823
[]
 []


Underfull \hbox (badness 10000) in paragraph at lines 822--823
[]
 []


Underfull \hbox (badness 10000) in paragraph at lines 822--823
[]
 []


Underfull \hbox (badness 10000) in paragraph at lines 822--823
[]
 []


Underfull \hbox (badness 10000) in paragraph at lines 822--823
[]
 []


Underfull \hbox (badness 10000) in paragraph at lines 822--823
[]
 []


Underfull \hbox (badness 10000) in paragraph at lines 822--823
[]
 []


Underfull \hbox (badness 10000) in paragraph at lines 822--823
[]
 []


Underfull \hbox (badness 10000) in paragraph at lines 822--823
[]
 []


Underfull \hbox (badness 10000) in paragraph at lines 822--823
[]
 []


Underfull \hbox (badness 10000) in paragraph at lines 822--823
[]
 []


Underfull \hbox (badness 10000) in paragraph at lines 822--823
[]
 []


Underfull \hbox (badness 10000) in paragraph at lines 822--823
[]
 []


Underfull \hbox (badness 10000) in paragraph at lines 822--823
[]
 []


Underfull \hbox (badness 10000) in paragraph at lines 822--823
[]
 []


Underfull \hbox (badness 10000) in paragraph at lines 822--823
[]
 []


Underfull \hbox (badness 10000) in paragraph at lines 822--823
[]
 []


Underfull \hbox (badness 10000) in paragraph at lines 822--823
[]
 []


Underfull \hbox (badness 10000) in paragraph at lines 822--823
[]
 []


Underfull \hbox (badness 10000) in paragraph at lines 822--823
[]
 []


Underfull \hbox (badness 10000) in paragraph at lines 822--823
[]
 []


Underfull \hbox (badness 10000) in paragraph at lines 822--823
[]
 []


Underfull \hbox (badness 10000) in paragraph at lines 822--823
[]
 []


Underfull \hbox (badness 10000) in paragraph at lines 822--823
[]
 []


Underfull \hbox (badness 10000) in paragraph at lines 822--823
[]
 []


Underfull \hbox (badness 10000) in paragraph at lines 822--823
[]
 []


Underfull \vbox (badness 10000) has occurred while \output is active []

[51]
Underfull \vbox (badness 10000) has occurred while \output is active []

[52]
Underfull \vbox (badness 10000) has occurred while \output is active []

[53]
Underfull \vbox (badness 10000) has occurred while \output is active []

[54]
Underfull \vbox (badness 10000) has occurred while \output is active []

[55]
Underfull \vbox (badness 10000) has occurred while \output is active []

[56]
Underfull \vbox (badness 10000) has occurred while \output is active []

[57]
Underfull \vbox (badness 10000) has occurred while \output is active []

[58]
Underfull \vbox (badness 10000) has occurred while \output is active []

[59]
Underfull \vbox (badness 10000) has occurred while \output is active []

[60]
Underfull \vbox (badness 10000) has occurred while \output is active []

[61]
Underfull \vbox (badness 10000) has occurred while \output is active []

[62]
Underfull \vbox (badness 10000) has occurred while \output is active []

[63]
Underfull \vbox (badness 10000) has occurred while \output is active []

[64]
Underfull \vbox (badness 10000) has occurred while \output is active []

[65] [66] (./bookdown-start.bbl [67] [68

]) [69] (./bookdown-start.aux)

LaTeX Warning: There were multiply-defined labels.

Package rerunfilecheck Info: File `bookdown-start.out' has not changed.
(rerunfilecheck)             Checksum: 34FC18233430730D2598F16D1DB3383A;2193.
 ) 
Here is how much of TeX's memory you used:
 18890 strings out of 478492
 364406 string characters out of 5860352
 811002 words of memory out of 5000000
 38826 multiletter control sequences out of 15000+600000
 409905 words of font info for 83 fonts, out of 8000000 for 9000
 14 hyphenation exceptions out of 8191
 87i,10n,120p,2302b,479s stack positions out of 5000i,500n,10000p,200000b,80000s

Output written on bookdown-start.pdf (69 pages).
